<?xml version="1.0" encoding="UTF-8"?>
<!-- Generated by org.testng.reporters.JUnitXMLReporter -->
<testsuite ignored="0" hostname="DESKTOP-BTQORJ3" failures="1" tests="3" name="Error Validations Test" time="54.556" errors="0" timestamp="2023-09-29T18:08:09 EDT">
  <testcase classname="RSEcommerceSelenium.tests.ErrorValidations" name="ValidateSubmitOrders" time="0.734">
    <skipped/>
  </testcase> <!-- ValidateSubmitOrders -->
  <testcase classname="RSEcommerceSelenium.tests.ErrorValidations" name="ValidateSubmitOrders" time="1.151">
    <failure type="java.lang.AssertionError" message="expected [Incorrect email or password.] but found [Incorreccct email or password.]">
      <![CDATA[java.lang.AssertionError: expected [Incorrect email or password.] but found [Incorreccct email or password.]
at RSEcommerceSelenium.tests.ErrorValidations.ValidateSubmitOrders(ErrorValidations.java:39)
at java.base/java.util.ArrayList.forEach(ArrayList.java:1541)
at java.base/java.util.concurrent.FutureTask.run(FutureTask.java:264)
at java.base/java.util.concurrent.ThreadPoolExecutor.runWorker(ThreadPoolExecutor.java:1128)
at java.base/java.util.concurrent.ThreadPoolExecutor$Worker.run(ThreadPoolExecutor.java:628)
at java.base/java.lang.Thread.run(Thread.java:834)
... Removed 23 stack frames]]>
    </failure>
  </testcase> <!-- ValidateSubmitOrders -->
  <testcase classname="RSEcommerceSelenium.tests.ErrorValidations" name="productValidations" time="34.985"/>
</testsuite> <!-- Error Validations Test -->
