<?xml version="1.0" encoding="UTF-8"?>
<!-- Generated by org.testng.reporters.JUnitXMLReporter -->
<testsuite ignored="0" hostname="DESKTOP-BTQORJ3" failures="1" tests="3" name="submit Order Test" time="53.1" errors="0" timestamp="2023-09-29T18:08:08 EDT">
  <testcase classname="RSEcommerceSelenium.tests.submitOrderTest" name="submitOrders" time="6.065"/>
  <testcase classname="RSEcommerceSelenium.tests.submitOrderTest" name="submitOrders" time="35.179">
    <failure type="java.lang.AssertionError" message="expected [true] but found [false]">
      <![CDATA[java.lang.AssertionError: expected [true] but found [false]
at RSEcommerceSelenium.tests.submitOrderTest.submitOrders(submitOrderTest.java:50)
at java.base/java.util.ArrayList.forEach(ArrayList.java:1541)
at java.base/java.util.concurrent.FutureTask.run(FutureTask.java:264)
at java.base/java.util.concurrent.ThreadPoolExecutor.runWorker(ThreadPoolExecutor.java:1128)
at java.base/java.util.concurrent.ThreadPoolExecutor$Worker.run(ThreadPoolExecutor.java:628)
at java.base/java.lang.Thread.run(Thread.java:834)
... Removed 21 stack frames]]>
    </failure>
  </testcase> <!-- submitOrders -->
  <testcase classname="RSEcommerceSelenium.tests.submitOrderTest" name="orderHistoryTest" time="0.001">
    <skipped/>
  </testcase> <!-- orderHistoryTest -->
</testsuite> <!-- submit Order Test -->
